<?xml version="1.0" encoding="UTF-8"?>
<!-- Generated by org.testng.reporters.JUnitXMLReporter -->
<testsuite ignored="0" hostname="ITWS17" failures="4" tests="4" name="Surefire test" time="0.082" errors="0" timestamp="2023-10-11T15:07:42 IST">
  <testcase classname="com.lbrce.finalmodule.UserVerificationTest" name="testcase1" time="0.012">
    <failure type="java.util.MissingResourceException" message="Can&amp;apos;t find bundle for base name config, locale en_IN">
      <![CDATA[java.util.MissingResourceException: Can't find bundle for base name config, locale en_IN
at java.base/java.util.ResourceBundle.throwMissingResourceException(ResourceBundle.java:2045)
at java.base/java.util.ResourceBundle.getBundleImpl(ResourceBundle.java:1683)
at java.base/java.util.ResourceBundle.getBundleImpl(ResourceBundle.java:1586)
at java.base/java.util.ResourceBundle.getBundleImpl(ResourceBundle.java:1549)
at java.base/java.util.ResourceBundle.getBundle(ResourceBundle.java:858)
at com.lbrce.finalmodule.UserVerification.check(UserVerification.java:7)
at com.lbrce.finalmodule.UserVerificationTest.testcase1(UserVerificationTest.java:10)
at java.base/java.util.ArrayList.forEach(ArrayList.java:1511)
... Removed 32 stack frames]]>
    </failure>
  </testcase> <!-- testcase1 -->
  <testcase classname="com.lbrce.finalmodule.UserVerificationTest" name="testcase2" time="0.002">
    <failure type="java.util.MissingResourceException" message="Can&amp;apos;t find bundle for base name config, locale en_IN">
      <![CDATA[java.util.MissingResourceException: Can't find bundle for base name config, locale en_IN
at java.base/java.util.ResourceBundle.throwMissingResourceException(ResourceBundle.java:2045)
at java.base/java.util.ResourceBundle.getBundleImpl(ResourceBundle.java:1683)
at java.base/java.util.ResourceBundle.getBundleImpl(ResourceBundle.java:1586)
at java.base/java.util.ResourceBundle.getBundleImpl(ResourceBundle.java:1549)
at java.base/java.util.ResourceBundle.getBundle(ResourceBundle.java:858)
at com.lbrce.finalmodule.UserVerification.check(UserVerification.java:7)
at com.lbrce.finalmodule.UserVerificationTest.testcase2(UserVerificationTest.java:15)
at java.base/java.util.ArrayList.forEach(ArrayList.java:1511)
... Removed 32 stack frames]]>
    </failure>
  </testcase> <!-- testcase2 -->
  <testcase classname="com.lbrce.finalmodule.UserVerificationTest" name="testcase3" time="0.0">
    <failure type="java.util.MissingResourceException" message="Can&amp;apos;t find bundle for base name config, locale en_IN">
      <![CDATA[java.util.MissingResourceException: Can't find bundle for base name config, locale en_IN
at java.base/java.util.ResourceBundle.throwMissingResourceException(ResourceBundle.java:2045)
at java.base/java.util.ResourceBundle.getBundleImpl(ResourceBundle.java:1683)
at java.base/java.util.ResourceBundle.getBundleImpl(ResourceBundle.java:1586)
at java.base/java.util.ResourceBundle.getBundleImpl(ResourceBundle.java:1549)
at java.base/java.util.ResourceBundle.getBundle(ResourceBundle.java:858)
at com.lbrce.finalmodule.UserVerification.check(UserVerification.java:7)
at com.lbrce.finalmodule.UserVerificationTest.testcase3(UserVerificationTest.java:20)
at java.base/java.util.ArrayList.forEach(ArrayList.java:1511)
... Removed 32 stack frames]]>
    </failure>
  </testcase> <!-- testcase3 -->
  <testcase classname="com.lbrce.finalmodule.UserVerificationTest" name="testcase4" time="0.002">
    <failure type="java.util.MissingResourceException" message="Can&amp;apos;t find bundle for base name config, locale en_IN">
      <![CDATA[java.util.MissingResourceException: Can't find bundle for base name config, locale en_IN
at java.base/java.util.ResourceBundle.throwMissingResourceException(ResourceBundle.java:2045)
at java.base/java.util.ResourceBundle.getBundleImpl(ResourceBundle.java:1683)
at java.base/java.util.ResourceBundle.getBundleImpl(ResourceBundle.java:1586)
at java.base/java.util.ResourceBundle.getBundleImpl(ResourceBundle.java:1549)
at java.base/java.util.ResourceBundle.getBundle(ResourceBundle.java:858)
at com.lbrce.finalmodule.UserVerification.check(UserVerification.java:7)
at com.lbrce.finalmodule.UserVerificationTest.testcase4(UserVerificationTest.java:25)
at java.base/java.util.ArrayList.forEach(ArrayList.java:1511)
... Removed 32 stack frames]]>
    </failure>
  </testcase> <!-- testcase4 -->
</testsuite> <!-- Surefire test -->
